#
# A fatal error has been detected by the Java Runtime Environment:
#
#  Internal Error (javaClasses.cpp:126), pid=6560, tid=10152
#  fatal error: Invalid layout of preloaded class
#
# JRE version:  (8.0_25-b18) (build )
# Java VM: Java HotSpot(TM) Client VM (25.25-b02 mixed mode windows-x86 )
# Failed to write core dump. Minidumps are not enabled by default on client versions of Windows
#
# If you would like to submit a bug report, please visit:
#   http://bugreport.sun.com/bugreport/crash.jsp
#

---------------  T H R E A D  ---------------

Current thread (0x003bc400):  JavaThread "Unknown thread" [_thread_in_vm, id=10152, stack(0x003c0000,0x00410000)]

Stack: [0x003c0000,0x00410000],  sp=0x0040f2f0,  free space=316k
Native frames: (J=compiled Java code, j=interpreted, Vv=VM code, C=native code)
V  [jvm.dll+0x19796b]
V  [jvm.dll+0x1908e6]
V  [jvm.dll+0x3b4e9]
V  [jvm.dll+0x3b69e]
V  [jvm.dll+0x4a063]
V  [jvm.dll+0x9dc8e]
V  [jvm.dll+0x9df52]
V  [jvm.dll+0x145a01]
V  [jvm.dll+0x169ab8]
V  [jvm.dll+0xdaea1]
C  [javaw.exe+0x13e4]
C  [javaw.exe+0x1eb7]
C  [javaw.exe+0xaba1]
C  [javaw.exe+0xac2b]
C  [KERNEL32.DLL+0x1a534]
C  [ntdll.dll+0x48f8b]
C  [ntdll.dll+0x48f61]
C  0x00000000


---------------  P R O C E S S  ---------------

Java Threads: ( => current thread )

Other Threads:

=>0x003bc400 (exited) JavaThread "Unknown thread" [_thread_in_vm, id=10152, stack(0x003c0000,0x00410000)]

VM state:not at safepoint (not fully initialized)

VM Mutex/Monitor currently owned by a thread: None

GC Heap History (0 events):
No events

Deoptimization events (0 events):
No events

Internal exceptions (0 events):
No events

Events (10 events):
Event: 0.051 loading class java/lang/CharSequence done
Event: 0.051 loading class java/lang/String done
Event: 0.051 loading class java/lang/Class
Event: 0.052 loading class java/lang/reflect/AnnotatedElement
Event: 0.052 loading class java/lang/reflect/AnnotatedElement done
Event: 0.052 loading class java/lang/reflect/GenericDeclaration
Event: 0.064 loading class java/lang/reflect/GenericDeclaration done
Event: 0.064 loading class java/lang/reflect/Type
Event: 0.065 loading class java/lang/reflect/Type done
Event: 0.065 loading class java/lang/Class done


Dynamic libraries:
0x00fa0000 - 0x00fd0000 	C:\Program Files (x86)\Java\jre1.8.0_25\bin\javaw.exe
0x76ea0000 - 0x77008000 	C:\Windows\SYSTEM32\ntdll.dll
0x76370000 - 0x764b0000 	C:\Windows\SYSTEM32\KERNEL32.DLL
0x76270000 - 0x7633f000 	C:\Windows\SYSTEM32\KERNELBASE.dll
0x764b0000 - 0x76527000 	C:\Windows\SYSTEM32\ADVAPI32.dll
0x76120000 - 0x76270000 	C:\Windows\SYSTEM32\USER32.dll
0x715a0000 - 0x71785000 	C:\Windows\WinSxS\x86_microsoft.windows.common-controls_6595b64144ccf1df_6.0.9600.16384_none_a9f4965301334e09\COMCTL32.dll
0x74960000 - 0x74a1e000 	C:\Windows\SYSTEM32\msvcrt.dll
0x76530000 - 0x7656e000 	C:\Windows\SYSTEM32\sechost.dll
0x76cb0000 - 0x76d61000 	C:\Windows\SYSTEM32\RPCRT4.dll
0x74b80000 - 0x74c88000 	C:\Windows\SYSTEM32\GDI32.dll
0x748d0000 - 0x748ed000 	C:\Windows\SYSTEM32\SspiCli.dll
0x748c0000 - 0x748c9000 	C:\Windows\SYSTEM32\CRYPTBASE.dll
0x74860000 - 0x748b1000 	C:\Windows\SYSTEM32\bcryptPrimitives.dll
0x76340000 - 0x76365000 	C:\Windows\system32\IMM32.DLL
0x76a60000 - 0x76b57000 	C:\Windows\SYSTEM32\MSCTF.dll
0x669a0000 - 0x66a5f000 	C:\Program Files (x86)\Java\jre1.8.0_25\bin\msvcr100.dll
0x60010000 - 0x603b4000 	C:\Program Files (x86)\Java\jre1.8.0_25\bin\client\jvm.dll
0x73480000 - 0x73488000 	C:\Windows\SYSTEM32\WSOCK32.dll
0x74410000 - 0x74430000 	C:\Windows\SYSTEM32\WINMM.dll
0x76910000 - 0x76916000 	C:\Windows\SYSTEM32\PSAPI.DLL
0x76d70000 - 0x76dbd000 	C:\Windows\SYSTEM32\WS2_32.dll
0x74000000 - 0x74020000 	C:\Windows\SYSTEM32\WINMMBASE.dll
0x75fc0000 - 0x75fc7000 	C:\Windows\SYSTEM32\NSI.dll
0x76920000 - 0x7695a000 	C:\Windows\SYSTEM32\cfgmgr32.dll
0x74730000 - 0x7474f000 	C:\Windows\SYSTEM32\DEVOBJ.dll
0x6a350000 - 0x6a35c000 	C:\Program Files (x86)\Java\jre1.8.0_25\bin\verify.dll
0x67c00000 - 0x67c21000 	C:\Program Files (x86)\Java\jre1.8.0_25\bin\java.dll
0x66f80000 - 0x66fa9000 	C:\Program Files (x86)\Java\jre1.8.0_25\bin\jdwp.dll
0x67bf0000 - 0x67bf7000 	C:\Program Files (x86)\Java\jre1.8.0_25\bin\npt.dll
0x67a80000 - 0x67a93000 	C:\Program Files (x86)\Java\jre1.8.0_25\bin\zip.dll
0x736c0000 - 0x73808000 	C:\Windows\SYSTEM32\dbghelp.dll

VM Arguments:
jvm_args: -agentlib:jdwp=transport=dt_socket,suspend=y,address=localhost:62692 -Dfile.encoding=GBK -Xbootclasspath:C:\Program Files\Android\platforms\android-20\android.jar 
java_command: com.hustascii.torrentdemo.tools.test
java_class_path (initial): D:\WorkSpace.Java\TorrentDemo\bin\classes;D:\WorkSpace.Java\appcompat_v7\libs\android-support-v4.jar;D:\WorkSpace.Java\appcompat_v7\libs\android-support-v7-appcompat.jar;D:\WorkSpace.Java\appcompat_v7\bin\appcompat_v7.jar;C:\Users\Jian\Downloads\jsoup-1.5.2.jar
Launcher Type: SUN_STANDARD

Environment Variables:
JAVA_HOME=C:\Program Files (x86)\Java\jdk1.8.0_05
CLASSPATH=.;C:\Program Files (x86)\Java\jdk1.8.0_05\lib;C:\Program Files (x86)\Java\jdk1.8.0_05\lib\tools.jar
PATH=C:/Program Files (x86)/Java/jre1.8.0_25/bin/client;C:/Program Files (x86)/Java/jre1.8.0_25/bin;C:/Program Files (x86)/Java/jre1.8.0_25/lib/i386;C:\Program Files (x86)\Intel\iCLS Client\;C:\Program Files\Intel\iCLS Client\;C:\ProgramData\Oracle\Java\javapath;C:\Windows\system32;C:\Windows;C:\Windows\System32\Wbem;C:\Windows\System32\WindowsPowerShell\v1.0\;C:\Program Files (x86)\Java\jdk1.8.0_05\bin;C:\Program Files (x86)\Java\jdk1.8.0_05\jre\bin;C:\Program Files\Lenovo\Fingerprint Manager Pro\;C:\Program Files\Intel\WiFi\bin\;C:\Program Files\Common Files\Intel\WirelessCommon\;C:\Program Files\Intel\Intel(R) Management Engine Components\DAL;C:\Program Files\Intel\Intel(R) Management Engine Components\IPT;C:\Program Files (x86)\Intel\Intel(R) Management Engine Components\DAL;C:\Program Files (x86)\Intel\Intel(R) Management Engine Components\IPT;C:\Program Files (x86)\Intel\OpenCL SDK\2.0\bin\x86;C:\Program Files (x86)\Intel\OpenCL SDK\2.0\bin\x64;C:\Program Files\Intel\WiFi\bin\;C:\Program Files\Common Files\Intel\WirelessCommon\;F:\eclipse;;.;
USERNAME=Jian
OS=Windows_NT
PROCESSOR_IDENTIFIER=Intel64 Family 6 Model 60 Stepping 3, GenuineIntel



---------------  S Y S T E M  ---------------

OS: Windows 8.1 , 64 bit Build 9600 

CPU:total 4 (2 cores per cpu, 2 threads per core) family 6 model 60 stepping 3, cmov, cx8, fxsr, mmx, sse, sse2, sse3, ssse3, sse4.1, sse4.2, popcnt, avx, avx2, aes, clmul, erms, lzcnt, ht, tsc, tscinvbit, bmi1, bmi2

Memory: 4k page, physical 4069100k(975560k free), swap 8263404k(1641824k free)

vm_info: Java HotSpot(TM) Client VM (25.25-b02) for windows-x86 JRE (1.8.0_25-b18), built on Oct  7 2014 14:31:05 by "java_re" with MS VC++ 10.0 (VS2010)

time: Sat Nov 01 03:41:35 2014
elapsed time: 0 seconds (0d 0h 0m 0s)

